#
# There is insufficient memory for the Java Runtime Environment to continue.
# Native memory allocation (mmap) failed to map 268435456 bytes for Failed to commit area from 0x0000000701a00000 to 0x0000000711a00000 of length 268435456.
# Possible reasons:
#   The system is out of physical RAM or swap space
#   The process is running with CompressedOops enabled, and the Java Heap may be blocking the growth of the native heap
# Possible solutions:
#   Reduce memory load on the system
#   Increase physical memory or swap space
#   Check if swap backing store is full
#   Decrease Java heap size (-Xmx/-Xms)
#   Decrease number of Java threads
#   Decrease Java thread stack sizes (-Xss)
#   Set larger code cache with -XX:ReservedCodeCacheSize=
# This output file may be truncated or incomplete.
#
#  Out of Memory Error (t:/workspace/open/src/hotspot/os/windows/os_windows.cpp:3254), pid=4232, tid=6696
#
# JRE version:  (12.0.1+12) (build )
# Java VM: Java HotSpot(TM) 64-Bit Server VM (12.0.1+12, mixed mode, aot, sharing, tiered, compressed oops, g1 gc, windows-amd64)
# No core dump will be written. Minidumps are not enabled by default on client versions of Windows
#

---------------  S U M M A R Y ------------

Command Line: 

Host: Intel(R) Core(TM) i7-6500U CPU @ 2.50GHz, 4 cores, 15G,  Windows 10 , 64 bit Build 17763 (10.0.17763.475)
Time: Wed May 29 08:14:49 2019 India Standard Time elapsed time: 0 seconds (0d 0h 0m 0s)

---------------  T H R E A D  ---------------

Current thread (0x0000021e389a4000):  JavaThread "Unknown thread" [_thread_in_vm, id=6696, stack(0x0000005571a00000,0x0000005571b00000)]

Stack: [0x0000005571a00000,0x0000005571b00000]
Native frames: (J=compiled Java code, j=interpreted, Vv=VM code, C=native code)
V  [jvm.dll+0x63948a]
V  [jvm.dll+0x78b31f]
V  [jvm.dll+0x78c9c1]
V  [jvm.dll+0x78d013]
V  [jvm.dll+0x262138]
V  [jvm.dll+0x63698a]
V  [jvm.dll+0x62b505]
V  [jvm.dll+0x31d9bc]
V  [jvm.dll+0x31d7ef]
V  [jvm.dll+0x323526]
V  [jvm.dll+0x370f76]
V  [jvm.dll+0x370750]
V  [jvm.dll+0x2f786a]
V  [jvm.dll+0x2f8af2]
V  [jvm.dll+0x7657b7]
V  [jvm.dll+0x766e95]
V  [jvm.dll+0x37f089]
V  [jvm.dll+0x749b14]
V  [jvm.dll+0x3ee48d]
V  [jvm.dll+0x3f03c1]
C  [jli.dll+0x51cf]
C  [ucrtbase.dll+0x21ffa]
C  [KERNEL32.DLL+0x17974]
C  [ntdll.dll+0x6a271]


---------------  P R O C E S S  ---------------

Threads class SMR info:
_java_thread_list=0x00007ffbb2d848e8, length=0, elements={
}

Java Threads: ( => current thread )

Other Threads:
  0x0000021e38a09800 GCTaskThread "GC Thread#0" [stack: 0x0000005571b00000,0x0000005571c00000] [id=11072]
  0x0000021e38a23800 ConcurrentGCThread "G1 Main Marker" [stack: 0x0000005571c00000,0x0000005571d00000] [id=8896]
  0x0000021e38a25800 ConcurrentGCThread "G1 Conc#0" [stack: 0x0000005571d00000,0x0000005571e00000] [id=1964]

[error occurred during error reporting (printing all threads), id 0xc0000005, EXCEPTION_ACCESS_VIOLATION (0xc0000005) at pc=0x00007ffbb25b7a37]

VM state:not at safepoint (not fully initialized)

VM Mutex/Monitor currently owned by a thread:  ([mutex/lock_event])
[0x0000021e389a1230] Heap_lock - owner thread: 0x0000021e389a4000

Heap address: 0x0000000701a00000, size: 4070 MB, Compressed Oops mode: Non-zero based: 0x0000000701a00000
Narrow klass base: 0x0000000000000000, Narrow klass shift: 0

GC Heap History (0 events):
No events

Deoptimization events (0 events):
No events

Classes redefined (0 events):
No events

Internal exceptions (0 events):
No events

Events (0 events):
No events


Dynamic libraries:
0x00007ff60f390000 - 0x00007ff60f39f000 	C:\Program Files\Java\jdk-12.0.1\bin\java.exe
0x00007ffbe1b80000 - 0x00007ffbe1d6d000 	C:\Windows\SYSTEM32\ntdll.dll
0x00007ffbe0680000 - 0x00007ffbe0733000 	C:\Windows\System32\KERNEL32.DLL
0x00007ffbdeae0000 - 0x00007ffbded73000 	C:\Windows\System32\KERNELBASE.dll
0x00007ffbde930000 - 0x00007ffbdea2a000 	C:\Windows\System32\ucrtbase.dll
0x00007ffbd0a10000 - 0x00007ffbd0a28000 	C:\Program Files\Java\jdk-12.0.1\bin\jli.dll
0x00007ffbe1aa0000 - 0x00007ffbe1b43000 	C:\Windows\System32\ADVAPI32.dll
0x00007ffbe0d50000 - 0x00007ffbe0dee000 	C:\Windows\System32\msvcrt.dll
0x00007ffbe10d0000 - 0x00007ffbe116e000 	C:\Windows\System32\sechost.dll
0x00007ffbe0c20000 - 0x00007ffbe0d42000 	C:\Windows\System32\RPCRT4.dll
0x00007ffbe11f0000 - 0x00007ffbe1387000 	C:\Windows\System32\USER32.dll
0x00007ffbde530000 - 0x00007ffbde550000 	C:\Windows\System32\win32u.dll
0x00007ffbe1830000 - 0x00007ffbe1859000 	C:\Windows\System32\GDI32.dll
0x00007ffbde790000 - 0x00007ffbde92a000 	C:\Windows\System32\gdi32full.dll
0x00007ffbde3a0000 - 0x00007ffbde440000 	C:\Windows\System32\msvcp_win.dll
0x00007ffbd1350000 - 0x00007ffbd1366000 	C:\Program Files\Java\jdk-12.0.1\bin\VCRUNTIME140.dll
0x00007ffbcbe40000 - 0x00007ffbcc0b9000 	C:\Windows\WinSxS\amd64_microsoft.windows.common-controls_6595b64144ccf1df_6.0.17763.503_none_05b23ef40721f4ae\COMCTL32.dll
0x00007ffbe08f0000 - 0x00007ffbe0c1c000 	C:\Windows\System32\combase.dll
0x00007ffbde490000 - 0x00007ffbde50e000 	C:\Windows\System32\bcryptPrimitives.dll
0x00007ffbd1ef0000 - 0x00007ffbd1efa000 	C:\Windows\SYSTEM32\VERSION.dll
0x00007ffbe03b0000 - 0x00007ffbe03de000 	C:\Windows\System32\IMM32.DLL
0x00007ffbba3d0000 - 0x00007ffbba47a000 	C:\Program Files\Java\jdk-12.0.1\bin\msvcp140.dll
0x00007ffbb22b0000 - 0x00007ffbb2e24000 	C:\Program Files\Java\jdk-12.0.1\bin\server\jvm.dll
0x00007ffbe0740000 - 0x00007ffbe0748000 	C:\Windows\System32\PSAPI.DLL
0x00007ffbdb8e0000 - 0x00007ffbdb904000 	C:\Windows\SYSTEM32\WINMM.dll
0x00007ffbc1a40000 - 0x00007ffbc1a49000 	C:\Windows\SYSTEM32\WSOCK32.dll
0x00007ffbe07c0000 - 0x00007ffbe082d000 	C:\Windows\System32\WS2_32.dll
0x00007ffbdb7c0000 - 0x00007ffbdb7ed000 	C:\Windows\SYSTEM32\winmmbase.dll
0x00007ffbde440000 - 0x00007ffbde48a000 	C:\Windows\System32\cfgmgr32.dll
0x00007ffbddb80000 - 0x00007ffbddb91000 	C:\Windows\System32\kernel.appcore.dll
0x00007ffbd0330000 - 0x00007ffbd0341000 	C:\Program Files\Java\jdk-12.0.1\bin\verify.dll
0x00007ffbdc520000 - 0x00007ffbdc70d000 	C:\Windows\SYSTEM32\DBGHELP.DLL
0x00007ffbbe2c0000 - 0x00007ffbbe2ea000 	C:\Windows\SYSTEM32\dbgcore.DLL
0x00007ffbd0300000 - 0x00007ffbd0326000 	C:\Program Files\Java\jdk-12.0.1\bin\java.dll
0x00007ffbcfb30000 - 0x00007ffbcfb47000 	C:\Program Files\Java\jdk-12.0.1\bin\zip.dll
0x00007ffbd49c0000 - 0x00007ffbd49ca000 	C:\Program Files\Java\jdk-12.0.1\bin\jimage.dll

dbghelp: loaded successfully - version: 4.0.5 - missing functions: none
symbol engine: initialized successfully - sym options: 0x614 - pdb path: .;C:\Program Files\Java\jdk-12.0.1\bin;C:\Windows\SYSTEM32;C:\Windows\WinSxS\amd64_microsoft.windows.common-controls_6595b64144ccf1df_6.0.17763.503_none_05b23ef40721f4ae;C:\Program Files\Java\jdk-12.0.1\bin\server

VM Arguments:
java_command: <unknown>
java_class_path (initial): <not set>
Launcher Type: SUN_STANDARD

[Global flags]
     intx CICompilerCount                          = 3                                         {product} {ergonomic}
     uint ConcGCThreads                            = 1                                         {product} {ergonomic}
     uint G1ConcRefinementThreads                  = 4                                         {product} {ergonomic}
   size_t G1HeapRegionSize                         = 1048576                                   {product} {ergonomic}
    uintx GCDrainStackTargetSize                   = 64                                        {product} {ergonomic}
   size_t InitialHeapSize                          = 268435456                                 {product} {ergonomic}
   size_t MarkStackSize                            = 4194304                                   {product} {ergonomic}
   size_t MaxHeapSize                              = 4267704320                                {product} {ergonomic}
   size_t MinHeapDeltaBytes                        = 1048576                                   {product} {ergonomic}
    uintx NonNMethodCodeHeapSize                   = 5830732                                {pd product} {ergonomic}
    uintx NonProfiledCodeHeapSize                  = 122913754                              {pd product} {ergonomic}
    uintx ProfiledCodeHeapSize                     = 122913754                              {pd product} {ergonomic}
    uintx ReservedCodeCacheSize                    = 251658240                              {pd product} {ergonomic}
     bool SegmentedCodeCache                       = true                                      {product} {ergonomic}
     bool UseCompressedClassPointers               = true                                 {lp64_product} {ergonomic}
     bool UseCompressedOops                        = true                                 {lp64_product} {ergonomic}
     bool UseG1GC                                  = true                                      {product} {ergonomic}
     bool UseLargePagesIndividualAllocation        = false                                  {pd product} {ergonomic}

Logging:
Log output configuration:
 #0: stdout all=warning uptime,level,tags
 #1: stderr all=off uptime,level,tags

Environment Variables:
PATH=C:\Windows\system32;C:\Windows;C:\Windows\System32\Wbem;C:\Windows\System32\WindowsPowerShell\v1.0\;C:\Windows\System32\OpenSSH\;C:\Program Files (x86)\NVIDIA Corporation\PhysX\Common;J:\KOH\Softwares-Installed\Git\cmd;C:\KOH\SoftwaresInstalled\Gradle\gradle-5.2-all\gradle-5.2\bin;C:\Program Files\CMake\bin;C:\Program Files\Java\jdk-12.0.1\bin;J:\KOH\Softwares-Installed\MongoDB\bin;J:\KOH\Softwares-Installed\Maven\apache-maven-3.6.1\bin;;C:\Program Files\NVIDIA Corporation\NVIDIA NvDLISR;C:\Users\KOH\AppData\Local\Programs\Python\Python37-32\Scripts\;C:\Users\KOH\AppData\Local\Programs\Python\Python37-32\;C:\Users\KOH\AppData\Local\Microsoft\WindowsApps;C:\KOH\SoftwaresInstalled\Gradle\gradle-5.2-all\gradle-5.2\bin;C:\Program Files\JetBrains\IntelliJ IDEA Community Edition 2018.3.5\bin;;C:\Program Files\Java\jdk-12.0.1\bin;J:\KOH\Softwares-Installed\MongoDB\bin;J:\KOH\Softwares-Installed\Maven\apache-maven-3.6.1\bin;
USERNAME=KOH
OS=Windows_NT
PROCESSOR_IDENTIFIER=Intel64 Family 6 Model 78 Stepping 3, GenuineIntel



---------------  S Y S T E M  ---------------

OS: Windows 10 , 64 bit Build 17763 (10.0.17763.475)

CPU:total 4 (initial active 4) (2 cores per cpu, 2 threads per core) family 6 model 78 stepping 3, cmov, cx8, fxsr, mmx, sse, sse2, sse3, ssse3, sse4.1, sse4.2, popcnt, avx, avx2, aes, clmul, erms, 3dnowpref, lzcnt, ht, tsc, tscinvbit, bmi1, bmi2, adx, fma

Memory: 4k page, system-wide physical 16274M (1977M free)
TotalPageFile size 29205M (AvailPageFile size 167M)
current process WorkingSet (physical memory assigned to process): 9M, peak: 9M
current process commit charge ("private bytes"): 52M, peak: 308M

vm_info: Java HotSpot(TM) 64-Bit Server VM (12.0.1+12) for windows-amd64 JRE (12.0.1+12), built on Apr  2 2019 14:02:19 by "mach5one" with MS VC++ 15.5 (VS2017)

END.
